<?xml version="1.0" encoding="UTF-8"?>
<!-- Generated by org.testng.reporters.JUnitReportReporter -->
<testsuite skipped="0" hostname="LAPTOP-SK2I11LG" name="testCases.ReadAllProducts" tests="1" failures="0" timestamp="02 May 2022 00:03:09 GMT" time="3.662" errors="0">
  <testcase name="readAllProducts" time="3.662" classname="testCases.ReadAllProducts"/>
</testsuite> <!-- testCases.ReadAllProducts -->
