<?xml version="1.0" encoding="UTF-8"?>
<!-- Generated by org.testng.reporters.JUnitReportReporter -->
<testsuite skipped="0" hostname="LAPTOP-SK2I11LG" name="testCases.EndToEnd2" tests="1" failures="0" timestamp="02 May 2022 16:00:23 GMT" time="3.761" errors="0">
  <testcase name="entToEnd2" time="3.761" classname="testCases.EndToEnd2"/>
</testsuite> <!-- testCases.EndToEnd2 -->
