<?xml version="1.0" encoding="UTF-8"?>
<!-- Generated by org.testng.reporters.JUnitReportReporter -->
<testsuite skipped="0" hostname="LAPTOP-SK2I11LG" name="testCases.EndToEnd" tests="4" failures="0" timestamp="02 May 2022 15:11:32 GMT" time="3.978" errors="0">
  <testcase name="createNewProduct" time="2.432" classname="testCases.EndToEnd"/>
  <testcase name="readAllProducts" time="0.768" classname="testCases.EndToEnd"/>
  <testcase name="deleteOneCreatedProduct" time="0.396" classname="testCases.EndToEnd"/>
  <testcase name="readDeletedProduct" time="0.382" classname="testCases.EndToEnd"/>
</testsuite> <!-- testCases.EndToEnd -->
