<?xml version="1.0" encoding="UTF-8"?>
<!-- Generated by org.testng.reporters.JUnitReportReporter -->
<testsuite skipped="0" hostname="LAPTOP-SK2I11LG" name="testCases.ReadOneProduct" tests="1" failures="0" timestamp="29 Apr 2022 17:11:03 GMT" time="4.046" errors="0">
  <testcase name="readOneProduct" time="4.046" classname="testCases.ReadOneProduct"/>
</testsuite> <!-- testCases.ReadOneProduct -->
