<?xml version="1.0" encoding="UTF-8"?>
<!-- Generated by org.testng.reporters.JUnitReportReporter -->
<testsuite skipped="0" hostname="LAPTOP-SK2I11LG" name="testCases.UpdateOneProduct" tests="3" failures="0" timestamp="02 May 2022 15:44:07 GMT" time="3.392" errors="0">
  <testcase name="readAllProducts" time="2.293" classname="testCases.UpdateOneProduct"/>
  <testcase name="updateOneProduct" time="0.673" classname="testCases.UpdateOneProduct"/>
  <testcase name="readUpdatedProduct" time="0.426" classname="testCases.UpdateOneProduct"/>
</testsuite> <!-- testCases.UpdateOneProduct -->
